[${project.name}][${env:SERVER_PORT}] 2023‐03‐05
            18:00:06,537 [33mWARN[m [ThreadPoolTaskScheduler-1][DubboServiceMetadataRepository.java:216] ‐ Current application will subscribe all services(size:1) in registry, a lot of memory and CPU cycles may be used, thus it's strongly recommend you using the externalized property 'dubbo.cloud.subscribed-services' to specify the services
[${project.name}][${env:SERVER_PORT}] 2023‐03‐05
            18:00:36,605 [33mWARN[m [ThreadPoolTaskScheduler-1][DubboServiceMetadataRepository.java:216] ‐ Current application will subscribe all services(size:1) in registry, a lot of memory and CPU cycles may be used, thus it's strongly recommend you using the externalized property 'dubbo.cloud.subscribed-services' to specify the services
[${project.name}][${env:SERVER_PORT}] 2023‐03‐05
            18:01:06,683 [33mWARN[m [ThreadPoolTaskScheduler-1][DubboServiceMetadataRepository.java:216] ‐ Current application will subscribe all services(size:1) in registry, a lot of memory and CPU cycles may be used, thus it's strongly recommend you using the externalized property 'dubbo.cloud.subscribed-services' to specify the services
[${project.name}][${env:SERVER_PORT}] 2023‐03‐05
            18:01:36,754 [33mWARN[m [ThreadPoolTaskScheduler-1][DubboServiceMetadataRepository.java:216] ‐ Current application will subscribe all services(size:1) in registry, a lot of memory and CPU cycles may be used, thus it's strongly recommend you using the externalized property 'dubbo.cloud.subscribed-services' to specify the services
[${project.name}][${env:SERVER_PORT}] 2023‐03‐05
            18:02:06,862 [33mWARN[m [ThreadPoolTaskScheduler-1][DubboServiceMetadataRepository.java:216] ‐ Current application will subscribe all services(size:1) in registry, a lot of memory and CPU cycles may be used, thus it's strongly recommend you using the externalized property 'dubbo.cloud.subscribed-services' to specify the services
[${project.name}][${env:SERVER_PORT}] 2023‐03‐05
            18:02:36,916 [33mWARN[m [ThreadPoolTaskScheduler-1][DubboServiceMetadataRepository.java:216] ‐ Current application will subscribe all services(size:1) in registry, a lot of memory and CPU cycles may be used, thus it's strongly recommend you using the externalized property 'dubbo.cloud.subscribed-services' to specify the services
[${project.name}][${env:SERVER_PORT}] 2023‐03‐05
            18:03:06,966 [33mWARN[m [ThreadPoolTaskScheduler-1][DubboServiceMetadataRepository.java:216] ‐ Current application will subscribe all services(size:1) in registry, a lot of memory and CPU cycles may be used, thus it's strongly recommend you using the externalized property 'dubbo.cloud.subscribed-services' to specify the services
[${project.name}][${env:SERVER_PORT}] 2023‐03‐05
            18:03:37,042 [33mWARN[m [ThreadPoolTaskScheduler-1][DubboServiceMetadataRepository.java:216] ‐ Current application will subscribe all services(size:1) in registry, a lot of memory and CPU cycles may be used, thus it's strongly recommend you using the externalized property 'dubbo.cloud.subscribed-services' to specify the services
[${project.name}][${env:SERVER_PORT}] 2023‐03‐05
            18:04:07,105 [33mWARN[m [ThreadPoolTaskScheduler-1][DubboServiceMetadataRepository.java:216] ‐ Current application will subscribe all services(size:1) in registry, a lot of memory and CPU cycles may be used, thus it's strongly recommend you using the externalized property 'dubbo.cloud.subscribed-services' to specify the services
[${project.name}][${env:SERVER_PORT}] 2023‐03‐05
            18:04:37,181 [33mWARN[m [ThreadPoolTaskScheduler-1][DubboServiceMetadataRepository.java:216] ‐ Current application will subscribe all services(size:1) in registry, a lot of memory and CPU cycles may be used, thus it's strongly recommend you using the externalized property 'dubbo.cloud.subscribed-services' to specify the services
[${project.name}][${env:SERVER_PORT}] 2023‐03‐05
            18:05:07,294 [33mWARN[m [ThreadPoolTaskScheduler-1][DubboServiceMetadataRepository.java:216] ‐ Current application will subscribe all services(size:1) in registry, a lot of memory and CPU cycles may be used, thus it's strongly recommend you using the externalized property 'dubbo.cloud.subscribed-services' to specify the services
[${project.name}][${env:SERVER_PORT}] 2023‐03‐05
            18:05:37,370 [33mWARN[m [ThreadPoolTaskScheduler-1][DubboServiceMetadataRepository.java:216] ‐ Current application will subscribe all services(size:1) in registry, a lot of memory and CPU cycles may be used, thus it's strongly recommend you using the externalized property 'dubbo.cloud.subscribed-services' to specify the services
[${project.name}][${env:SERVER_PORT}] 2023‐03‐05
            18:06:07,423 [33mWARN[m [ThreadPoolTaskScheduler-1][DubboServiceMetadataRepository.java:216] ‐ Current application will subscribe all services(size:1) in registry, a lot of memory and CPU cycles may be used, thus it's strongly recommend you using the externalized property 'dubbo.cloud.subscribed-services' to specify the services
[${project.name}][${env:SERVER_PORT}] 2023‐03‐05
            18:06:37,645 [33mWARN[m [ThreadPoolTaskScheduler-1][DubboServiceMetadataRepository.java:216] ‐ Current application will subscribe all services(size:1) in registry, a lot of memory and CPU cycles may be used, thus it's strongly recommend you using the externalized property 'dubbo.cloud.subscribed-services' to specify the services
[${project.name}][${env:SERVER_PORT}] 2023‐03‐05
            18:07:07,716 [33mWARN[m [ThreadPoolTaskScheduler-1][DubboServiceMetadataRepository.java:216] ‐ Current application will subscribe all services(size:1) in registry, a lot of memory and CPU cycles may be used, thus it's strongly recommend you using the externalized property 'dubbo.cloud.subscribed-services' to specify the services
[${project.name}][${env:SERVER_PORT}] 2023‐03‐05
            18:07:37,747 [33mWARN[m [ThreadPoolTaskScheduler-1][DubboServiceMetadataRepository.java:216] ‐ Current application will subscribe all services(size:1) in registry, a lot of memory and CPU cycles may be used, thus it's strongly recommend you using the externalized property 'dubbo.cloud.subscribed-services' to specify the services
[${project.name}][${env:SERVER_PORT}] 2023‐03‐05
            18:08:07,816 [33mWARN[m [ThreadPoolTaskScheduler-1][DubboServiceMetadataRepository.java:216] ‐ Current application will subscribe all services(size:1) in registry, a lot of memory and CPU cycles may be used, thus it's strongly recommend you using the externalized property 'dubbo.cloud.subscribed-services' to specify the services
[${project.name}][${env:SERVER_PORT}] 2023‐03‐05
            18:08:37,866 [33mWARN[m [ThreadPoolTaskScheduler-1][DubboServiceMetadataRepository.java:216] ‐ Current application will subscribe all services(size:1) in registry, a lot of memory and CPU cycles may be used, thus it's strongly recommend you using the externalized property 'dubbo.cloud.subscribed-services' to specify the services
[${project.name}][${env:SERVER_PORT}] 2023‐03‐05
            18:09:07,941 [33mWARN[m [ThreadPoolTaskScheduler-1][DubboServiceMetadataRepository.java:216] ‐ Current application will subscribe all services(size:1) in registry, a lot of memory and CPU cycles may be used, thus it's strongly recommend you using the externalized property 'dubbo.cloud.subscribed-services' to specify the services
[${project.name}][${env:SERVER_PORT}] 2023‐03‐05
            18:09:38,013 [33mWARN[m [ThreadPoolTaskScheduler-1][DubboServiceMetadataRepository.java:216] ‐ Current application will subscribe all services(size:1) in registry, a lot of memory and CPU cycles may be used, thus it's strongly recommend you using the externalized property 'dubbo.cloud.subscribed-services' to specify the services
[${project.name}][${env:SERVER_PORT}] 2023‐03‐05
            18:10:08,066 [33mWARN[m [ThreadPoolTaskScheduler-1][DubboServiceMetadataRepository.java:216] ‐ Current application will subscribe all services(size:1) in registry, a lot of memory and CPU cycles may be used, thus it's strongly recommend you using the externalized property 'dubbo.cloud.subscribed-services' to specify the services
[${project.name}][${env:SERVER_PORT}] 2023‐03‐05
            18:10:38,120 [33mWARN[m [ThreadPoolTaskScheduler-1][DubboServiceMetadataRepository.java:216] ‐ Current application will subscribe all services(size:1) in registry, a lot of memory and CPU cycles may be used, thus it's strongly recommend you using the externalized property 'dubbo.cloud.subscribed-services' to specify the services
[${project.name}][${env:SERVER_PORT}] 2023‐03‐05
            18:11:08,219 [33mWARN[m [ThreadPoolTaskScheduler-1][DubboServiceMetadataRepository.java:216] ‐ Current application will subscribe all services(size:1) in registry, a lot of memory and CPU cycles may be used, thus it's strongly recommend you using the externalized property 'dubbo.cloud.subscribed-services' to specify the services
[${project.name}][${env:SERVER_PORT}] 2023‐03‐05
            18:11:38,269 [33mWARN[m [ThreadPoolTaskScheduler-1][DubboServiceMetadataRepository.java:216] ‐ Current application will subscribe all services(size:1) in registry, a lot of memory and CPU cycles may be used, thus it's strongly recommend you using the externalized property 'dubbo.cloud.subscribed-services' to specify the services
[${project.name}][${env:SERVER_PORT}] 2023‐03‐05
            18:12:08,307 [33mWARN[m [ThreadPoolTaskScheduler-1][DubboServiceMetadataRepository.java:216] ‐ Current application will subscribe all services(size:1) in registry, a lot of memory and CPU cycles may be used, thus it's strongly recommend you using the externalized property 'dubbo.cloud.subscribed-services' to specify the services
[${project.name}][${env:SERVER_PORT}] 2023‐03‐05
            18:12:38,369 [33mWARN[m [ThreadPoolTaskScheduler-1][DubboServiceMetadataRepository.java:216] ‐ Current application will subscribe all services(size:1) in registry, a lot of memory and CPU cycles may be used, thus it's strongly recommend you using the externalized property 'dubbo.cloud.subscribed-services' to specify the services
[${project.name}][${env:SERVER_PORT}] 2023‐03‐05
            18:13:08,396 [33mWARN[m [ThreadPoolTaskScheduler-1][DubboServiceMetadataRepository.java:216] ‐ Current application will subscribe all services(size:1) in registry, a lot of memory and CPU cycles may be used, thus it's strongly recommend you using the externalized property 'dubbo.cloud.subscribed-services' to specify the services
[${project.name}][${env:SERVER_PORT}] 2023‐03‐05
            18:13:38,425 [33mWARN[m [ThreadPoolTaskScheduler-1][DubboServiceMetadataRepository.java:216] ‐ Current application will subscribe all services(size:1) in registry, a lot of memory and CPU cycles may be used, thus it's strongly recommend you using the externalized property 'dubbo.cloud.subscribed-services' to specify the services
[${project.name}][${env:SERVER_PORT}] 2023‐03‐05
            18:14:08,457 [33mWARN[m [ThreadPoolTaskScheduler-1][DubboServiceMetadataRepository.java:216] ‐ Current application will subscribe all services(size:1) in registry, a lot of memory and CPU cycles may be used, thus it's strongly recommend you using the externalized property 'dubbo.cloud.subscribed-services' to specify the services
[${project.name}][${env:SERVER_PORT}] 2023‐03‐05
            18:14:38,487 [33mWARN[m [ThreadPoolTaskScheduler-1][DubboServiceMetadataRepository.java:216] ‐ Current application will subscribe all services(size:1) in registry, a lot of memory and CPU cycles may be used, thus it's strongly recommend you using the externalized property 'dubbo.cloud.subscribed-services' to specify the services
[${project.name}][${env:SERVER_PORT}] 2023‐03‐05
            18:15:08,557 [33mWARN[m [ThreadPoolTaskScheduler-1][DubboServiceMetadataRepository.java:216] ‐ Current application will subscribe all services(size:1) in registry, a lot of memory and CPU cycles may be used, thus it's strongly recommend you using the externalized property 'dubbo.cloud.subscribed-services' to specify the services
[${project.name}][${env:SERVER_PORT}] 2023‐03‐05
            18:15:38,607 [33mWARN[m [ThreadPoolTaskScheduler-1][DubboServiceMetadataRepository.java:216] ‐ Current application will subscribe all services(size:1) in registry, a lot of memory and CPU cycles may be used, thus it's strongly recommend you using the externalized property 'dubbo.cloud.subscribed-services' to specify the services
[${project.name}][${env:SERVER_PORT}] 2023‐03‐05
            18:16:08,636 [33mWARN[m [ThreadPoolTaskScheduler-1][DubboServiceMetadataRepository.java:216] ‐ Current application will subscribe all services(size:1) in registry, a lot of memory and CPU cycles may be used, thus it's strongly recommend you using the externalized property 'dubbo.cloud.subscribed-services' to specify the services
[${project.name}][${env:SERVER_PORT}] 2023‐03‐05
            18:16:38,679 [33mWARN[m [ThreadPoolTaskScheduler-1][DubboServiceMetadataRepository.java:216] ‐ Current application will subscribe all services(size:1) in registry, a lot of memory and CPU cycles may be used, thus it's strongly recommend you using the externalized property 'dubbo.cloud.subscribed-services' to specify the services
[${project.name}][${env:SERVER_PORT}] 2023‐03‐05
            18:17:08,708 [33mWARN[m [ThreadPoolTaskScheduler-1][DubboServiceMetadataRepository.java:216] ‐ Current application will subscribe all services(size:1) in registry, a lot of memory and CPU cycles may be used, thus it's strongly recommend you using the externalized property 'dubbo.cloud.subscribed-services' to specify the services
[${project.name}][${env:SERVER_PORT}] 2023‐03‐05
            18:17:38,768 [33mWARN[m [ThreadPoolTaskScheduler-1][DubboServiceMetadataRepository.java:216] ‐ Current application will subscribe all services(size:1) in registry, a lot of memory and CPU cycles may be used, thus it's strongly recommend you using the externalized property 'dubbo.cloud.subscribed-services' to specify the services
[${project.name}][${env:SERVER_PORT}] 2023‐03‐05
            18:18:08,818 [33mWARN[m [ThreadPoolTaskScheduler-1][DubboServiceMetadataRepository.java:216] ‐ Current application will subscribe all services(size:1) in registry, a lot of memory and CPU cycles may be used, thus it's strongly recommend you using the externalized property 'dubbo.cloud.subscribed-services' to specify the services
[${project.name}][${env:SERVER_PORT}] 2023‐03‐05
            18:18:38,927 [33mWARN[m [ThreadPoolTaskScheduler-1][DubboServiceMetadataRepository.java:216] ‐ Current application will subscribe all services(size:1) in registry, a lot of memory and CPU cycles may be used, thus it's strongly recommend you using the externalized property 'dubbo.cloud.subscribed-services' to specify the services
[${project.name}][${env:SERVER_PORT}] 2023‐03‐05
            18:19:09,004 [33mWARN[m [ThreadPoolTaskScheduler-1][DubboServiceMetadataRepository.java:216] ‐ Current application will subscribe all services(size:1) in registry, a lot of memory and CPU cycles may be used, thus it's strongly recommend you using the externalized property 'dubbo.cloud.subscribed-services' to specify the services
[${project.name}][${env:SERVER_PORT}] 2023‐03‐05
            18:19:39,040 [33mWARN[m [ThreadPoolTaskScheduler-1][DubboServiceMetadataRepository.java:216] ‐ Current application will subscribe all services(size:1) in registry, a lot of memory and CPU cycles may be used, thus it's strongly recommend you using the externalized property 'dubbo.cloud.subscribed-services' to specify the services
[${project.name}][${env:SERVER_PORT}] 2023‐03‐05
            18:20:09,060 [33mWARN[m [ThreadPoolTaskScheduler-1][DubboServiceMetadataRepository.java:216] ‐ Current application will subscribe all services(size:1) in registry, a lot of memory and CPU cycles may be used, thus it's strongly recommend you using the externalized property 'dubbo.cloud.subscribed-services' to specify the services
[${project.name}][${env:SERVER_PORT}] 2023‐03‐05
            18:20:39,085 [33mWARN[m [ThreadPoolTaskScheduler-1][DubboServiceMetadataRepository.java:216] ‐ Current application will subscribe all services(size:1) in registry, a lot of memory and CPU cycles may be used, thus it's strongly recommend you using the externalized property 'dubbo.cloud.subscribed-services' to specify the services
[${project.name}][${env:SERVER_PORT}] 2023‐03‐05
            18:21:09,128 [33mWARN[m [ThreadPoolTaskScheduler-1][DubboServiceMetadataRepository.java:216] ‐ Current application will subscribe all services(size:1) in registry, a lot of memory and CPU cycles may be used, thus it's strongly recommend you using the externalized property 'dubbo.cloud.subscribed-services' to specify the services
[${project.name}][${env:SERVER_PORT}] 2023‐03‐05
            18:21:39,158 [33mWARN[m [ThreadPoolTaskScheduler-1][DubboServiceMetadataRepository.java:216] ‐ Current application will subscribe all services(size:1) in registry, a lot of memory and CPU cycles may be used, thus it's strongly recommend you using the externalized property 'dubbo.cloud.subscribed-services' to specify the services
[${project.name}][${env:SERVER_PORT}] 2023‐03‐05
            18:22:09,190 [33mWARN[m [ThreadPoolTaskScheduler-1][DubboServiceMetadataRepository.java:216] ‐ Current application will subscribe all services(size:1) in registry, a lot of memory and CPU cycles may be used, thus it's strongly recommend you using the externalized property 'dubbo.cloud.subscribed-services' to specify the services
[${project.name}][${env:SERVER_PORT}] 2023‐03‐05
            18:22:39,214 [33mWARN[m [ThreadPoolTaskScheduler-1][DubboServiceMetadataRepository.java:216] ‐ Current application will subscribe all services(size:1) in registry, a lot of memory and CPU cycles may be used, thus it's strongly recommend you using the externalized property 'dubbo.cloud.subscribed-services' to specify the services
[${project.name}][${env:SERVER_PORT}] 2023‐03‐05
            18:23:09,310 [33mWARN[m [ThreadPoolTaskScheduler-1][DubboServiceMetadataRepository.java:216] ‐ Current application will subscribe all services(size:1) in registry, a lot of memory and CPU cycles may be used, thus it's strongly recommend you using the externalized property 'dubbo.cloud.subscribed-services' to specify the services
[${project.name}][${env:SERVER_PORT}] 2023‐03‐05
            18:23:39,350 [33mWARN[m [ThreadPoolTaskScheduler-1][DubboServiceMetadataRepository.java:216] ‐ Current application will subscribe all services(size:1) in registry, a lot of memory and CPU cycles may be used, thus it's strongly recommend you using the externalized property 'dubbo.cloud.subscribed-services' to specify the services
[${project.name}][${env:SERVER_PORT}] 2023‐03‐05
            18:24:09,379 [33mWARN[m [ThreadPoolTaskScheduler-1][DubboServiceMetadataRepository.java:216] ‐ Current application will subscribe all services(size:1) in registry, a lot of memory and CPU cycles may be used, thus it's strongly recommend you using the externalized property 'dubbo.cloud.subscribed-services' to specify the services
[${project.name}][${env:SERVER_PORT}] 2023‐03‐05
            18:24:39,401 [33mWARN[m [ThreadPoolTaskScheduler-1][DubboServiceMetadataRepository.java:216] ‐ Current application will subscribe all services(size:1) in registry, a lot of memory and CPU cycles may be used, thus it's strongly recommend you using the externalized property 'dubbo.cloud.subscribed-services' to specify the services
[${project.name}][${env:SERVER_PORT}] 2023‐03‐05
            18:25:09,420 [33mWARN[m [ThreadPoolTaskScheduler-1][DubboServiceMetadataRepository.java:216] ‐ Current application will subscribe all services(size:1) in registry, a lot of memory and CPU cycles may be used, thus it's strongly recommend you using the externalized property 'dubbo.cloud.subscribed-services' to specify the services
[${project.name}][${env:SERVER_PORT}] 2023‐03‐05
            18:25:39,444 [33mWARN[m [ThreadPoolTaskScheduler-1][DubboServiceMetadataRepository.java:216] ‐ Current application will subscribe all services(size:1) in registry, a lot of memory and CPU cycles may be used, thus it's strongly recommend you using the externalized property 'dubbo.cloud.subscribed-services' to specify the services
[${project.name}][${env:SERVER_PORT}] 2023‐03‐05
            18:26:09,489 [33mWARN[m [ThreadPoolTaskScheduler-1][DubboServiceMetadataRepository.java:216] ‐ Current application will subscribe all services(size:1) in registry, a lot of memory and CPU cycles may be used, thus it's strongly recommend you using the externalized property 'dubbo.cloud.subscribed-services' to specify the services
[${project.name}][${env:SERVER_PORT}] 2023‐03‐05
            18:26:39,520 [33mWARN[m [ThreadPoolTaskScheduler-1][DubboServiceMetadataRepository.java:216] ‐ Current application will subscribe all services(size:1) in registry, a lot of memory and CPU cycles may be used, thus it's strongly recommend you using the externalized property 'dubbo.cloud.subscribed-services' to specify the services
[${project.name}][${env:SERVER_PORT}] 2023‐03‐05
            18:27:09,542 [33mWARN[m [ThreadPoolTaskScheduler-1][DubboServiceMetadataRepository.java:216] ‐ Current application will subscribe all services(size:1) in registry, a lot of memory and CPU cycles may be used, thus it's strongly recommend you using the externalized property 'dubbo.cloud.subscribed-services' to specify the services
[${project.name}][${env:SERVER_PORT}] 2023‐03‐05
            18:27:39,560 [33mWARN[m [ThreadPoolTaskScheduler-1][DubboServiceMetadataRepository.java:216] ‐ Current application will subscribe all services(size:1) in registry, a lot of memory and CPU cycles may be used, thus it's strongly recommend you using the externalized property 'dubbo.cloud.subscribed-services' to specify the services
[${project.name}][${env:SERVER_PORT}] 2023‐03‐05
            18:28:09,604 [33mWARN[m [ThreadPoolTaskScheduler-1][DubboServiceMetadataRepository.java:216] ‐ Current application will subscribe all services(size:1) in registry, a lot of memory and CPU cycles may be used, thus it's strongly recommend you using the externalized property 'dubbo.cloud.subscribed-services' to specify the services
[${project.name}][${env:SERVER_PORT}] 2023‐03‐05
            18:28:39,649 [33mWARN[m [ThreadPoolTaskScheduler-1][DubboServiceMetadataRepository.java:216] ‐ Current application will subscribe all services(size:1) in registry, a lot of memory and CPU cycles may be used, thus it's strongly recommend you using the externalized property 'dubbo.cloud.subscribed-services' to specify the services
[${project.name}][${env:SERVER_PORT}] 2023‐03‐05
            18:29:09,722 [33mWARN[m [ThreadPoolTaskScheduler-1][DubboServiceMetadataRepository.java:216] ‐ Current application will subscribe all services(size:1) in registry, a lot of memory and CPU cycles may be used, thus it's strongly recommend you using the externalized property 'dubbo.cloud.subscribed-services' to specify the services
[${project.name}][${env:SERVER_PORT}] 2023‐03‐05
            18:29:39,774 [33mWARN[m [ThreadPoolTaskScheduler-1][DubboServiceMetadataRepository.java:216] ‐ Current application will subscribe all services(size:1) in registry, a lot of memory and CPU cycles may be used, thus it's strongly recommend you using the externalized property 'dubbo.cloud.subscribed-services' to specify the services
[${project.name}][${env:SERVER_PORT}] 2023‐03‐05
            18:30:09,815 [33mWARN[m [ThreadPoolTaskScheduler-1][DubboServiceMetadataRepository.java:216] ‐ Current application will subscribe all services(size:1) in registry, a lot of memory and CPU cycles may be used, thus it's strongly recommend you using the externalized property 'dubbo.cloud.subscribed-services' to specify the services
[${project.name}][${env:SERVER_PORT}] 2023‐03‐05
            18:30:39,840 [33mWARN[m [ThreadPoolTaskScheduler-1][DubboServiceMetadataRepository.java:216] ‐ Current application will subscribe all services(size:1) in registry, a lot of memory and CPU cycles may be used, thus it's strongly recommend you using the externalized property 'dubbo.cloud.subscribed-services' to specify the services
[${project.name}][${env:SERVER_PORT}] 2023‐03‐05
            18:31:09,871 [33mWARN[m [ThreadPoolTaskScheduler-1][DubboServiceMetadataRepository.java:216] ‐ Current application will subscribe all services(size:1) in registry, a lot of memory and CPU cycles may be used, thus it's strongly recommend you using the externalized property 'dubbo.cloud.subscribed-services' to specify the services
[${project.name}][${env:SERVER_PORT}] 2023‐03‐05
            18:31:39,911 [33mWARN[m [ThreadPoolTaskScheduler-1][DubboServiceMetadataRepository.java:216] ‐ Current application will subscribe all services(size:1) in registry, a lot of memory and CPU cycles may be used, thus it's strongly recommend you using the externalized property 'dubbo.cloud.subscribed-services' to specify the services
[${project.name}][${env:SERVER_PORT}] 2023‐03‐05
            18:32:09,944 [33mWARN[m [ThreadPoolTaskScheduler-1][DubboServiceMetadataRepository.java:216] ‐ Current application will subscribe all services(size:1) in registry, a lot of memory and CPU cycles may be used, thus it's strongly recommend you using the externalized property 'dubbo.cloud.subscribed-services' to specify the services
[${project.name}][${env:SERVER_PORT}] 2023‐03‐05
            18:32:39,993 [33mWARN[m [ThreadPoolTaskScheduler-1][DubboServiceMetadataRepository.java:216] ‐ Current application will subscribe all services(size:1) in registry, a lot of memory and CPU cycles may be used, thus it's strongly recommend you using the externalized property 'dubbo.cloud.subscribed-services' to specify the services
[${project.name}][${env:SERVER_PORT}] 2023‐03‐05
            18:33:10,024 [33mWARN[m [ThreadPoolTaskScheduler-1][DubboServiceMetadataRepository.java:216] ‐ Current application will subscribe all services(size:1) in registry, a lot of memory and CPU cycles may be used, thus it's strongly recommend you using the externalized property 'dubbo.cloud.subscribed-services' to specify the services
[${project.name}][${env:SERVER_PORT}] 2023‐03‐05
            18:33:40,056 [33mWARN[m [ThreadPoolTaskScheduler-1][DubboServiceMetadataRepository.java:216] ‐ Current application will subscribe all services(size:1) in registry, a lot of memory and CPU cycles may be used, thus it's strongly recommend you using the externalized property 'dubbo.cloud.subscribed-services' to specify the services
[${project.name}][${env:SERVER_PORT}] 2023‐03‐05
            18:34:10,092 [33mWARN[m [ThreadPoolTaskScheduler-1][DubboServiceMetadataRepository.java:216] ‐ Current application will subscribe all services(size:1) in registry, a lot of memory and CPU cycles may be used, thus it's strongly recommend you using the externalized property 'dubbo.cloud.subscribed-services' to specify the services
[${project.name}][${env:SERVER_PORT}] 2023‐03‐05
            18:34:40,116 [33mWARN[m [ThreadPoolTaskScheduler-1][DubboServiceMetadataRepository.java:216] ‐ Current application will subscribe all services(size:1) in registry, a lot of memory and CPU cycles may be used, thus it's strongly recommend you using the externalized property 'dubbo.cloud.subscribed-services' to specify the services
[${project.name}][${env:SERVER_PORT}] 2023‐03‐05
            18:35:10,138 [33mWARN[m [ThreadPoolTaskScheduler-1][DubboServiceMetadataRepository.java:216] ‐ Current application will subscribe all services(size:1) in registry, a lot of memory and CPU cycles may be used, thus it's strongly recommend you using the externalized property 'dubbo.cloud.subscribed-services' to specify the services
[${project.name}][${env:SERVER_PORT}] 2023‐03‐05
            18:35:40,158 [33mWARN[m [ThreadPoolTaskScheduler-1][DubboServiceMetadataRepository.java:216] ‐ Current application will subscribe all services(size:1) in registry, a lot of memory and CPU cycles may be used, thus it's strongly recommend you using the externalized property 'dubbo.cloud.subscribed-services' to specify the services
[${project.name}][${env:SERVER_PORT}] 2023‐03‐05
            18:36:10,180 [33mWARN[m [ThreadPoolTaskScheduler-1][DubboServiceMetadataRepository.java:216] ‐ Current application will subscribe all services(size:1) in registry, a lot of memory and CPU cycles may be used, thus it's strongly recommend you using the externalized property 'dubbo.cloud.subscribed-services' to specify the services
[${project.name}][${env:SERVER_PORT}] 2023‐03‐05
            18:36:40,207 [33mWARN[m [ThreadPoolTaskScheduler-1][DubboServiceMetadataRepository.java:216] ‐ Current application will subscribe all services(size:1) in registry, a lot of memory and CPU cycles may be used, thus it's strongly recommend you using the externalized property 'dubbo.cloud.subscribed-services' to specify the services
[${project.name}][${env:SERVER_PORT}] 2023‐03‐05
            18:37:10,239 [33mWARN[m [ThreadPoolTaskScheduler-1][DubboServiceMetadataRepository.java:216] ‐ Current application will subscribe all services(size:1) in registry, a lot of memory and CPU cycles may be used, thus it's strongly recommend you using the externalized property 'dubbo.cloud.subscribed-services' to specify the services
[${project.name}][${env:SERVER_PORT}] 2023‐03‐05
            18:37:40,259 [33mWARN[m [ThreadPoolTaskScheduler-1][DubboServiceMetadataRepository.java:216] ‐ Current application will subscribe all services(size:1) in registry, a lot of memory and CPU cycles may be used, thus it's strongly recommend you using the externalized property 'dubbo.cloud.subscribed-services' to specify the services
[${project.name}][${env:SERVER_PORT}] 2023‐03‐05
            18:38:10,284 [33mWARN[m [ThreadPoolTaskScheduler-1][DubboServiceMetadataRepository.java:216] ‐ Current application will subscribe all services(size:1) in registry, a lot of memory and CPU cycles may be used, thus it's strongly recommend you using the externalized property 'dubbo.cloud.subscribed-services' to specify the services
[${project.name}][${env:SERVER_PORT}] 2023‐03‐05
            18:38:40,318 [33mWARN[m [ThreadPoolTaskScheduler-1][DubboServiceMetadataRepository.java:216] ‐ Current application will subscribe all services(size:1) in registry, a lot of memory and CPU cycles may be used, thus it's strongly recommend you using the externalized property 'dubbo.cloud.subscribed-services' to specify the services
[${project.name}][${env:SERVER_PORT}] 2023‐03‐05
            18:39:10,358 [33mWARN[m [ThreadPoolTaskScheduler-1][DubboServiceMetadataRepository.java:216] ‐ Current application will subscribe all services(size:1) in registry, a lot of memory and CPU cycles may be used, thus it's strongly recommend you using the externalized property 'dubbo.cloud.subscribed-services' to specify the services
[${project.name}][${env:SERVER_PORT}] 2023‐03‐05
            18:39:40,430 [33mWARN[m [ThreadPoolTaskScheduler-1][DubboServiceMetadataRepository.java:216] ‐ Current application will subscribe all services(size:1) in registry, a lot of memory and CPU cycles may be used, thus it's strongly recommend you using the externalized property 'dubbo.cloud.subscribed-services' to specify the services
[${project.name}][${env:SERVER_PORT}] 2023‐03‐05
            18:40:10,468 [33mWARN[m [ThreadPoolTaskScheduler-1][DubboServiceMetadataRepository.java:216] ‐ Current application will subscribe all services(size:1) in registry, a lot of memory and CPU cycles may be used, thus it's strongly recommend you using the externalized property 'dubbo.cloud.subscribed-services' to specify the services
[${project.name}][${env:SERVER_PORT}] 2023‐03‐05
            18:40:40,487 [33mWARN[m [ThreadPoolTaskScheduler-1][DubboServiceMetadataRepository.java:216] ‐ Current application will subscribe all services(size:1) in registry, a lot of memory and CPU cycles may be used, thus it's strongly recommend you using the externalized property 'dubbo.cloud.subscribed-services' to specify the services
[${project.name}][${env:SERVER_PORT}] 2023‐03‐05
            18:41:10,516 [33mWARN[m [ThreadPoolTaskScheduler-1][DubboServiceMetadataRepository.java:216] ‐ Current application will subscribe all services(size:1) in registry, a lot of memory and CPU cycles may be used, thus it's strongly recommend you using the externalized property 'dubbo.cloud.subscribed-services' to specify the services
[${project.name}][${env:SERVER_PORT}] 2023‐03‐05
            18:41:40,549 [33mWARN[m [ThreadPoolTaskScheduler-1][DubboServiceMetadataRepository.java:216] ‐ Current application will subscribe all services(size:1) in registry, a lot of memory and CPU cycles may be used, thus it's strongly recommend you using the externalized property 'dubbo.cloud.subscribed-services' to specify the services
[${project.name}][${env:SERVER_PORT}] 2023‐03‐05
            18:42:10,586 [33mWARN[m [ThreadPoolTaskScheduler-1][DubboServiceMetadataRepository.java:216] ‐ Current application will subscribe all services(size:1) in registry, a lot of memory and CPU cycles may be used, thus it's strongly recommend you using the externalized property 'dubbo.cloud.subscribed-services' to specify the services
[${project.name}][${env:SERVER_PORT}] 2023‐03‐05
            18:42:40,615 [33mWARN[m [ThreadPoolTaskScheduler-1][DubboServiceMetadataRepository.java:216] ‐ Current application will subscribe all services(size:1) in registry, a lot of memory and CPU cycles may be used, thus it's strongly recommend you using the externalized property 'dubbo.cloud.subscribed-services' to specify the services
[${project.name}][${env:SERVER_PORT}] 2023‐03‐05
            18:43:10,654 [33mWARN[m [ThreadPoolTaskScheduler-1][DubboServiceMetadataRepository.java:216] ‐ Current application will subscribe all services(size:1) in registry, a lot of memory and CPU cycles may be used, thus it's strongly recommend you using the externalized property 'dubbo.cloud.subscribed-services' to specify the services
[${project.name}][${env:SERVER_PORT}] 2023‐03‐05
            18:43:40,698 [33mWARN[m [ThreadPoolTaskScheduler-1][DubboServiceMetadataRepository.java:216] ‐ Current application will subscribe all services(size:1) in registry, a lot of memory and CPU cycles may be used, thus it's strongly recommend you using the externalized property 'dubbo.cloud.subscribed-services' to specify the services
[${project.name}][${env:SERVER_PORT}] 2023‐03‐05
            18:44:10,745 [33mWARN[m [ThreadPoolTaskScheduler-1][DubboServiceMetadataRepository.java:216] ‐ Current application will subscribe all services(size:1) in registry, a lot of memory and CPU cycles may be used, thus it's strongly recommend you using the externalized property 'dubbo.cloud.subscribed-services' to specify the services
[${project.name}][${env:SERVER_PORT}] 2023‐03‐05
            18:44:40,768 [33mWARN[m [ThreadPoolTaskScheduler-1][DubboServiceMetadataRepository.java:216] ‐ Current application will subscribe all services(size:1) in registry, a lot of memory and CPU cycles may be used, thus it's strongly recommend you using the externalized property 'dubbo.cloud.subscribed-services' to specify the services
[${project.name}][${env:SERVER_PORT}] 2023‐03‐05
            18:45:10,794 [33mWARN[m [ThreadPoolTaskScheduler-1][DubboServiceMetadataRepository.java:216] ‐ Current application will subscribe all services(size:1) in registry, a lot of memory and CPU cycles may be used, thus it's strongly recommend you using the externalized property 'dubbo.cloud.subscribed-services' to specify the services
[${project.name}][${env:SERVER_PORT}] 2023‐03‐05
            18:45:40,817 [33mWARN[m [ThreadPoolTaskScheduler-1][DubboServiceMetadataRepository.java:216] ‐ Current application will subscribe all services(size:1) in registry, a lot of memory and CPU cycles may be used, thus it's strongly recommend you using the externalized property 'dubbo.cloud.subscribed-services' to specify the services
[${project.name}][${env:SERVER_PORT}] 2023‐03‐05
            18:46:10,839 [33mWARN[m [ThreadPoolTaskScheduler-1][DubboServiceMetadataRepository.java:216] ‐ Current application will subscribe all services(size:1) in registry, a lot of memory and CPU cycles may be used, thus it's strongly recommend you using the externalized property 'dubbo.cloud.subscribed-services' to specify the services
[${project.name}][${env:SERVER_PORT}] 2023‐03‐05
            18:46:40,870 [33mWARN[m [ThreadPoolTaskScheduler-1][DubboServiceMetadataRepository.java:216] ‐ Current application will subscribe all services(size:1) in registry, a lot of memory and CPU cycles may be used, thus it's strongly recommend you using the externalized property 'dubbo.cloud.subscribed-services' to specify the services
[${project.name}][${env:SERVER_PORT}] 2023‐03‐05
            18:47:10,910 [33mWARN[m [ThreadPoolTaskScheduler-1][DubboServiceMetadataRepository.java:216] ‐ Current application will subscribe all services(size:1) in registry, a lot of memory and CPU cycles may be used, thus it's strongly recommend you using the externalized property 'dubbo.cloud.subscribed-services' to specify the services
[${project.name}][${env:SERVER_PORT}] 2023‐03‐05
            18:47:40,934 [33mWARN[m [ThreadPoolTaskScheduler-1][DubboServiceMetadataRepository.java:216] ‐ Current application will subscribe all services(size:1) in registry, a lot of memory and CPU cycles may be used, thus it's strongly recommend you using the externalized property 'dubbo.cloud.subscribed-services' to specify the services
[${project.name}][${env:SERVER_PORT}] 2023‐03‐05
            18:48:07,068 [32mINFO[m [main][:] ‐ using logger: org.apache.dubbo.common.logger.slf4j.Slf4jLoggerAdapter
[${project.name}][${env:SERVER_PORT}] 2023‐03‐05
            18:48:07,109 [32mINFO[m [main][WelcomeLogoApplicationListener.java:63] ‐ 

 :: Dubbo Spring Boot (v2.7.1) : https://github.com/apache/incubator-dubbo-spring-boot-project
 :: Dubbo (v2.7.3) : https://github.com/apache/incubator-dubbo
 :: Discuss group : dev@dubbo.apache.org

[${project.name}][${env:SERVER_PORT}] 2023‐03‐05
            18:48:07,134 [32mINFO[m [main][OverrideDubboConfigApplicationListener.java:68] ‐ Dubbo Config was overridden by externalized configuration {dubbo.application.name=merchant-service, dubbo.application.qos-enable=false, dubbo.application.qos.port=22310, dubbo.config.multiple=true, dubbo.consumer.check=false, dubbo.consumer.retries=-1, dubbo.consumer.timeout=3000, dubbo.protocol.name=dubbo, dubbo.protocol.port=20891, dubbo.registry.address=nacos://127.0.0.1:8848, dubbo.scan.base-packages=com.shanjupay}
[${project.name}][${env:SERVER_PORT}] 2023‐03‐05
            18:48:07,549 [32mINFO[m [main][PostProcessorRegistrationDelegate.java:330] ‐ Bean 'org.springframework.cloud.autoconfigure.ConfigurationPropertiesRebinderAutoConfiguration' of type [org.springframework.cloud.autoconfigure.ConfigurationPropertiesRebinderAutoConfiguration$$EnhancerBySpringCGLIB$$41d375bd] is not eligible for getting processed by all BeanPostProcessors (for example: not eligible for auto-proxying)
[${project.name}][${env:SERVER_PORT}] 2023‐03‐05
            18:48:07,663 [32mINFO[m [pool-3-thread-1][AwaitingNonWebApplicationListener.java:140] ‐  [Dubbo] Current Spring Boot Application is await...
[${project.name}][${env:SERVER_PORT}] 2023‐03‐05
            18:48:07,742 [32mINFO[m [main][OverrideDubboConfigApplicationListener.java:68] ‐ Dubbo Config was overridden by externalized configuration {dubbo.application.name=merchant-service, dubbo.application.qos-enable=false, dubbo.application.qos.port=22310, dubbo.config.multiple=true, dubbo.consumer.check=false, dubbo.consumer.retries=-1, dubbo.consumer.timeout=3000, dubbo.protocol.name=dubbo, dubbo.protocol.port=20891, dubbo.registry.address=nacos://127.0.0.1:8848, dubbo.scan.base-packages=com.shanjupay}
[${project.name}][${env:SERVER_PORT}] 2023‐03‐05
            18:48:07,935 [32mINFO[m [main][NacosPropertySourceBuilder.java:87] ‐ Loading nacos data, dataId: 'spring-boot-http.yaml', group: 'COMMON_GROUP'
[${project.name}][${env:SERVER_PORT}] 2023‐03‐05
            18:48:07,957 [32mINFO[m [main][NacosPropertySourceBuilder.java:87] ‐ Loading nacos data, dataId: 'merchant-service.yaml', group: 'SHANJUPAY_GROUP'
[${project.name}][${env:SERVER_PORT}] 2023‐03‐05
            18:48:07,959 [32mINFO[m [main][PropertySourceBootstrapConfiguration.java:98] ‐ Located property source: CompositePropertySource {name='NACOS', propertySources=[NacosPropertySource@1649847375 {name='merchant-service.yaml', properties={server.servlet.context‐path=/merchant‐service}}, NacosPropertySource@1153933106 {name='spring-boot-http.yaml', properties={management.endpoints.web.exposure.include=refresh,health,info,env, spring.http.encoding.charset=UTF-8, spring.http.encoding.enabled=true, server.use-forward-headers=true, server.servlet.context-path=/, spring.messages.encoding=UTF-8, spring.http.encoding.force=true, server.tomcat.protocol_header=x-forwarded-proto, server.tomcat.remote_ip_header=x-forwarded-for}}]}
[${project.name}][${env:SERVER_PORT}] 2023‐03‐05
            18:48:08,017 [32mINFO[m [main][SpringApplication.java:675] ‐ No active profile set, falling back to default profiles: default
[${project.name}][${env:SERVER_PORT}] 2023‐03‐05
            18:48:08,789 [33mWARN[m [main][EndpointId.java:135] ‐ Endpoint ID 'nacos-config' contains invalid characters, please migrate to a valid format.
[${project.name}][${env:SERVER_PORT}] 2023‐03‐05
            18:48:08,793 [33mWARN[m [main][EndpointId.java:135] ‐ Endpoint ID 'nacos-discovery' contains invalid characters, please migrate to a valid format.
[${project.name}][${env:SERVER_PORT}] 2023‐03‐05
            18:48:08,823 [36mDEBUG[m [main][MybatisPlusAutoConfiguration.java:221] ‐ Searching for mappers annotated with @Mapper
[${project.name}][${env:SERVER_PORT}] 2023‐03‐05
            18:48:08,825 [36mDEBUG[m [main][MybatisPlusAutoConfiguration.java:225] ‐ Using auto-configuration base package 'com.shanjupei.merchant'
[${project.name}][${env:SERVER_PORT}] 2023‐03‐05
            18:48:08,829 [36mDEBUG[m [main][LogFactory.java:105] ‐ Logging initialized using 'class org.apache.ibatis.logging.slf4j.Slf4jImpl' adapter.
[${project.name}][${env:SERVER_PORT}] 2023‐03‐05
            18:48:08,834 [33mWARN[m [main][Logger.java:44] ‐ No MyBatis mapper was found in '[com.shanjupei.merchant]' package. Please check your configuration.
[${project.name}][${env:SERVER_PORT}] 2023‐03‐05
            18:48:08,845 [36mDEBUG[m [main][DubboConfigBindingRegistrar.java:96] ‐ There is no property for binding to dubbo config class [org.apache.dubbo.config.ApplicationConfig] within prefix [dubbo.applications]
[${project.name}][${env:SERVER_PORT}] 2023‐03‐05
            18:48:08,845 [36mDEBUG[m [main][DubboConfigBindingRegistrar.java:96] ‐ There is no property for binding to dubbo config class [org.apache.dubbo.config.ModuleConfig] within prefix [dubbo.modules]
[${project.name}][${env:SERVER_PORT}] 2023‐03‐05
            18:48:08,846 [36mDEBUG[m [main][DubboConfigBindingRegistrar.java:96] ‐ There is no property for binding to dubbo config class [org.apache.dubbo.config.RegistryConfig] within prefix [dubbo.registries]
[${project.name}][${env:SERVER_PORT}] 2023‐03‐05
            18:48:08,846 [36mDEBUG[m [main][DubboConfigBindingRegistrar.java:96] ‐ There is no property for binding to dubbo config class [org.apache.dubbo.config.ProtocolConfig] within prefix [dubbo.protocols]
[${project.name}][${env:SERVER_PORT}] 2023‐03‐05
            18:48:08,847 [36mDEBUG[m [main][DubboConfigBindingRegistrar.java:96] ‐ There is no property for binding to dubbo config class [org.apache.dubbo.config.MonitorConfig] within prefix [dubbo.monitors]
[${project.name}][${env:SERVER_PORT}] 2023‐03‐05
            18:48:08,847 [36mDEBUG[m [main][DubboConfigBindingRegistrar.java:96] ‐ There is no property for binding to dubbo config class [org.apache.dubbo.config.ProviderConfig] within prefix [dubbo.providers]
[${project.name}][${env:SERVER_PORT}] 2023‐03‐05
            18:48:08,848 [36mDEBUG[m [main][DubboConfigBindingRegistrar.java:96] ‐ There is no property for binding to dubbo config class [org.apache.dubbo.config.ConsumerConfig] within prefix [dubbo.consumers]
[${project.name}][${env:SERVER_PORT}] 2023‐03‐05
            18:48:08,848 [36mDEBUG[m [main][DubboConfigBindingRegistrar.java:96] ‐ There is no property for binding to dubbo config class [org.apache.dubbo.config.spring.ConfigCenterBean] within prefix [dubbo.config-centers]
[${project.name}][${env:SERVER_PORT}] 2023‐03‐05
            18:48:08,848 [36mDEBUG[m [main][DubboConfigBindingRegistrar.java:96] ‐ There is no property for binding to dubbo config class [org.apache.dubbo.config.MetadataReportConfig] within prefix [dubbo.metadata-reports]
[${project.name}][${env:SERVER_PORT}] 2023‐03‐05
            18:48:08,849 [32mINFO[m [main][DubboConfigBindingRegistrar.java:127] ‐ The dubbo config bean definition [name : org.apache.dubbo.config.ApplicationConfig#0, class : org.apache.dubbo.config.ApplicationConfig] has been registered.
[${project.name}][${env:SERVER_PORT}] 2023‐03‐05
            18:48:08,850 [32mINFO[m [main][DubboConfigBindingRegistrar.java:151] ‐ The BeanPostProcessor bean definition [org.apache.dubbo.config.spring.beans.factory.annotation.DubboConfigBindingBeanPostProcessor] for dubbo config bean [name : org.apache.dubbo.config.ApplicationConfig#0] has been registered.
[${project.name}][${env:SERVER_PORT}] 2023‐03‐05
            18:48:08,851 [36mDEBUG[m [main][DubboConfigBindingRegistrar.java:96] ‐ There is no property for binding to dubbo config class [org.apache.dubbo.config.ModuleConfig] within prefix [dubbo.module]
[${project.name}][${env:SERVER_PORT}] 2023‐03‐05
            18:48:08,852 [32mINFO[m [main][DubboConfigBindingRegistrar.java:127] ‐ The dubbo config bean definition [name : org.apache.dubbo.config.RegistryConfig#0, class : org.apache.dubbo.config.RegistryConfig] has been registered.
[${project.name}][${env:SERVER_PORT}] 2023‐03‐05
            18:48:08,852 [32mINFO[m [main][DubboConfigBindingRegistrar.java:151] ‐ The BeanPostProcessor bean definition [org.apache.dubbo.config.spring.beans.factory.annotation.DubboConfigBindingBeanPostProcessor] for dubbo config bean [name : org.apache.dubbo.config.RegistryConfig#0] has been registered.
[${project.name}][${env:SERVER_PORT}] 2023‐03‐05
            18:48:08,853 [32mINFO[m [main][DubboConfigBindingRegistrar.java:127] ‐ The dubbo config bean definition [name : org.apache.dubbo.config.ProtocolConfig#0, class : org.apache.dubbo.config.ProtocolConfig] has been registered.
[${project.name}][${env:SERVER_PORT}] 2023‐03‐05
            18:48:08,853 [32mINFO[m [main][DubboConfigBindingRegistrar.java:151] ‐ The BeanPostProcessor bean definition [org.apache.dubbo.config.spring.beans.factory.annotation.DubboConfigBindingBeanPostProcessor] for dubbo config bean [name : org.apache.dubbo.config.ProtocolConfig#0] has been registered.
[${project.name}][${env:SERVER_PORT}] 2023‐03‐05
            18:48:08,853 [36mDEBUG[m [main][DubboConfigBindingRegistrar.java:96] ‐ There is no property for binding to dubbo config class [org.apache.dubbo.config.MonitorConfig] within prefix [dubbo.monitor]
[${project.name}][${env:SERVER_PORT}] 2023‐03‐05
            18:48:08,853 [36mDEBUG[m [main][DubboConfigBindingRegistrar.java:96] ‐ There is no property for binding to dubbo config class [org.apache.dubbo.config.ProviderConfig] within prefix [dubbo.provider]
[${project.name}][${env:SERVER_PORT}] 2023‐03‐05
            18:48:08,853 [32mINFO[m [main][DubboConfigBindingRegistrar.java:127] ‐ The dubbo config bean definition [name : org.apache.dubbo.config.ConsumerConfig#0, class : org.apache.dubbo.config.ConsumerConfig] has been registered.
[${project.name}][${env:SERVER_PORT}] 2023‐03‐05
            18:48:08,853 [32mINFO[m [main][DubboConfigBindingRegistrar.java:151] ‐ The BeanPostProcessor bean definition [org.apache.dubbo.config.spring.beans.factory.annotation.DubboConfigBindingBeanPostProcessor] for dubbo config bean [name : org.apache.dubbo.config.ConsumerConfig#0] has been registered.
[${project.name}][${env:SERVER_PORT}] 2023‐03‐05
            18:48:08,854 [36mDEBUG[m [main][DubboConfigBindingRegistrar.java:96] ‐ There is no property for binding to dubbo config class [org.apache.dubbo.config.spring.ConfigCenterBean] within prefix [dubbo.config-center]
[${project.name}][${env:SERVER_PORT}] 2023‐03‐05
            18:48:08,855 [36mDEBUG[m [main][DubboConfigBindingRegistrar.java:96] ‐ There is no property for binding to dubbo config class [org.apache.dubbo.config.MetadataReportConfig] within prefix [dubbo.metadata-report]
[${project.name}][${env:SERVER_PORT}] 2023‐03‐05
            18:48:09,107 [33mWARN[m [main][EndpointId.java:135] ‐ Endpoint ID 'service-registry' contains invalid characters, please migrate to a valid format.
[${project.name}][${env:SERVER_PORT}] 2023‐03‐05
            18:48:09,161 [32mINFO[m [main][ServiceAnnotationBeanPostProcessor.java:204] ‐  [DUBBO] BeanNameGenerator bean can't be found in BeanFactory with name [org.springframework.context.annotation.internalConfigurationBeanNameGenerator], dubbo version: 2.7.3, current host: 192.168.199.177
[${project.name}][${env:SERVER_PORT}] 2023‐03‐05
            18:48:09,161 [32mINFO[m [main][ServiceAnnotationBeanPostProcessor.java:206] ‐  [DUBBO] BeanNameGenerator will be a instance of org.springframework.context.annotation.AnnotationBeanNameGenerator , it maybe a potential problem on bean name generation., dubbo version: 2.7.3, current host: 192.168.199.177
[${project.name}][${env:SERVER_PORT}] 2023‐03‐05
            18:48:09,164 [33mWARN[m [main][ServiceAnnotationBeanPostProcessor.java:169] ‐  [DUBBO] No Spring Bean annotating Dubbo's @Service was found under package[com.shanjupay], dubbo version: 2.7.3, current host: 192.168.199.177
[${project.name}][${env:SERVER_PORT}] 2023‐03‐05
            18:48:09,167 [32mINFO[m [main][ConfigurationClassPostProcessor.java:380] ‐ Cannot enhance @Configuration bean definition 'org.apache.dubbo.spring.boot.autoconfigure.DubboRelaxedBinding2AutoConfiguration' since its singleton instance has been created too early. The typical cause is a non-static @Bean method with a BeanDefinitionRegistryPostProcessor return type: Consider declaring such methods as 'static'.
[${project.name}][${env:SERVER_PORT}] 2023‐03‐05
            18:48:09,167 [32mINFO[m [main][ConfigurationClassPostProcessor.java:380] ‐ Cannot enhance @Configuration bean definition 'org.apache.dubbo.spring.boot.autoconfigure.DubboAutoConfiguration' since its singleton instance has been created too early. The typical cause is a non-static @Bean method with a BeanDefinitionRegistryPostProcessor return type: Consider declaring such methods as 'static'.
[${project.name}][${env:SERVER_PORT}] 2023‐03‐05
            18:48:09,352 [32mINFO[m [main][GenericScope.java:294] ‐ BeanFactory id=bd8ea26f-e0b2-301f-8386-eef1ab9e21d8
[${project.name}][${env:SERVER_PORT}] 2023‐03‐05
            18:48:09,546 [32mINFO[m [main][PostProcessorRegistrationDelegate.java:330] ‐ Bean 'org.springframework.transaction.annotation.ProxyTransactionManagementConfiguration' of type [org.springframework.transaction.annotation.ProxyTransactionManagementConfiguration$$EnhancerBySpringCGLIB$$25b972c0] is not eligible for getting processed by all BeanPostProcessors (for example: not eligible for auto-proxying)
[${project.name}][${env:SERVER_PORT}] 2023‐03‐05
            18:48:09,618 [32mINFO[m [main][PostProcessorRegistrationDelegate.java:330] ‐ Bean 'com.alibaba.cloud.dubbo.autoconfigure.DubboOpenFeignAutoConfiguration' of type [com.alibaba.cloud.dubbo.autoconfigure.DubboOpenFeignAutoConfiguration$$EnhancerBySpringCGLIB$$a97ac1c4] is not eligible for getting processed by all BeanPostProcessors (for example: not eligible for auto-proxying)
[${project.name}][${env:SERVER_PORT}] 2023‐03‐05
            18:48:09,727 [32mINFO[m [main][PostProcessorRegistrationDelegate.java:330] ‐ Bean 'dubbo.cloud-com.alibaba.cloud.dubbo.env.DubboCloudProperties' of type [com.alibaba.cloud.dubbo.env.DubboCloudProperties] is not eligible for getting processed by all BeanPostProcessors (for example: not eligible for auto-proxying)
[${project.name}][${env:SERVER_PORT}] 2023‐03‐05
            18:48:09,749 [32mINFO[m [main][PostProcessorRegistrationDelegate.java:330] ‐ Bean 'metadataJsonResolver' of type [com.alibaba.cloud.dubbo.metadata.resolver.DubboServiceBeanMetadataResolver] is not eligible for getting processed by all BeanPostProcessors (for example: not eligible for auto-proxying)
[${project.name}][${env:SERVER_PORT}] 2023‐03‐05
            18:48:09,767 [32mINFO[m [main][PostProcessorRegistrationDelegate.java:330] ‐ Bean 'org.apache.dubbo.config.ApplicationConfig#0' of type [org.apache.dubbo.config.ApplicationConfig] is not eligible for getting processed by all BeanPostProcessors (for example: not eligible for auto-proxying)
[${project.name}][${env:SERVER_PORT}] 2023‐03‐05
            18:48:09,776 [32mINFO[m [main][PostProcessorRegistrationDelegate.java:330] ‐ Bean 'dubboProtocolConfigSupplier' of type [com.alibaba.cloud.dubbo.metadata.DubboProtocolConfigSupplier] is not eligible for getting processed by all BeanPostProcessors (for example: not eligible for auto-proxying)
[${project.name}][${env:SERVER_PORT}] 2023‐03‐05
            18:48:09,780 [32mINFO[m [main][PostProcessorRegistrationDelegate.java:330] ‐ Bean 'com.alibaba.cloud.dubbo.service.DubboMetadataServiceExporter' of type [com.alibaba.cloud.dubbo.service.DubboMetadataServiceExporter] is not eligible for getting processed by all BeanPostProcessors (for example: not eligible for auto-proxying)
[${project.name}][${env:SERVER_PORT}] 2023‐03‐05
            18:48:09,781 [32mINFO[m [main][PostProcessorRegistrationDelegate.java:330] ‐ Bean 'com.alibaba.cloud.dubbo.autoconfigure.DubboMetadataAutoConfiguration' of type [com.alibaba.cloud.dubbo.autoconfigure.DubboMetadataAutoConfiguration$$EnhancerBySpringCGLIB$$1bba5e3e] is not eligible for getting processed by all BeanPostProcessors (for example: not eligible for auto-proxying)
[${project.name}][${env:SERVER_PORT}] 2023‐03‐05
            18:48:09,785 [32mINFO[m [main][PostProcessorRegistrationDelegate.java:330] ‐ Bean 'com.alibaba.cloud.dubbo.autoconfigure.DubboServiceAutoConfiguration' of type [com.alibaba.cloud.dubbo.autoconfigure.DubboServiceAutoConfiguration$$EnhancerBySpringCGLIB$$ae646696] is not eligible for getting processed by all BeanPostProcessors (for example: not eligible for auto-proxying)
[${project.name}][${env:SERVER_PORT}] 2023‐03‐05
            18:48:09,790 [32mINFO[m [main][PostProcessorRegistrationDelegate.java:330] ‐ Bean 'dubboGenericServiceFactory' of type [com.alibaba.cloud.dubbo.service.DubboGenericServiceFactory] is not eligible for getting processed by all BeanPostProcessors (for example: not eligible for auto-proxying)
[${project.name}][${env:SERVER_PORT}] 2023‐03‐05
            18:48:09,793 [32mINFO[m [main][PostProcessorRegistrationDelegate.java:330] ‐ Bean 'dubboMetadataConfigServiceProxy' of type [com.alibaba.cloud.dubbo.service.DubboMetadataServiceProxy] is not eligible for getting processed by all BeanPostProcessors (for example: not eligible for auto-proxying)
[${project.name}][${env:SERVER_PORT}] 2023‐03‐05
            18:48:09,796 [32mINFO[m [main][PostProcessorRegistrationDelegate.java:330] ‐ Bean 'org.springframework.cloud.client.discovery.composite.CompositeDiscoveryClientAutoConfiguration' of type [org.springframework.cloud.client.discovery.composite.CompositeDiscoveryClientAutoConfiguration$$EnhancerBySpringCGLIB$$6ea9a050] is not eligible for getting processed by all BeanPostProcessors (for example: not eligible for auto-proxying)
[${project.name}][${env:SERVER_PORT}] 2023‐03‐05
            18:48:09,802 [32mINFO[m [main][PostProcessorRegistrationDelegate.java:330] ‐ Bean 'com.alibaba.cloud.nacos.discovery.NacosDiscoveryClientAutoConfiguration' of type [com.alibaba.cloud.nacos.discovery.NacosDiscoveryClientAutoConfiguration$$EnhancerBySpringCGLIB$$6274a915] is not eligible for getting processed by all BeanPostProcessors (for example: not eligible for auto-proxying)
[${project.name}][${env:SERVER_PORT}] 2023‐03‐05
            18:48:09,814 [32mINFO[m [main][PostProcessorRegistrationDelegate.java:330] ‐ Bean 'org.springframework.cloud.commons.util.UtilAutoConfiguration' of type [org.springframework.cloud.commons.util.UtilAutoConfiguration$$EnhancerBySpringCGLIB$$ed673c44] is not eligible for getting processed by all BeanPostProcessors (for example: not eligible for auto-proxying)
[${project.name}][${env:SERVER_PORT}] 2023‐03‐05
            18:48:09,821 [32mINFO[m [main][PostProcessorRegistrationDelegate.java:330] ‐ Bean 'inetUtilsProperties' of type [org.springframework.cloud.commons.util.InetUtilsProperties] is not eligible for getting processed by all BeanPostProcessors (for example: not eligible for auto-proxying)
[${project.name}][${env:SERVER_PORT}] 2023‐03‐05
            18:48:09,823 [32mINFO[m [main][PostProcessorRegistrationDelegate.java:330] ‐ Bean 'inetUtils' of type [org.springframework.cloud.commons.util.InetUtils] is not eligible for getting processed by all BeanPostProcessors (for example: not eligible for auto-proxying)
[${project.name}][${env:SERVER_PORT}] 2023‐03‐05
            18:48:09,835 [32mINFO[m [main][PostProcessorRegistrationDelegate.java:330] ‐ Bean 'nacosProperties' of type [com.alibaba.cloud.nacos.NacosDiscoveryProperties] is not eligible for getting processed by all BeanPostProcessors (for example: not eligible for auto-proxying)
[${project.name}][${env:SERVER_PORT}] 2023‐03‐05
            18:48:09,841 [32mINFO[m [main][PostProcessorRegistrationDelegate.java:330] ‐ Bean 'nacosDiscoveryClient' of type [com.alibaba.cloud.nacos.discovery.NacosDiscoveryClient] is not eligible for getting processed by all BeanPostProcessors (for example: not eligible for auto-proxying)
[${project.name}][${env:SERVER_PORT}] 2023‐03‐05
            18:48:09,864 [32mINFO[m [main][PostProcessorRegistrationDelegate.java:330] ‐ Bean 'server-org.springframework.boot.autoconfigure.web.ServerProperties' of type [org.springframework.boot.autoconfigure.web.ServerProperties] is not eligible for getting processed by all BeanPostProcessors (for example: not eligible for auto-proxying)
[${project.name}][${env:SERVER_PORT}] 2023‐03‐05
            18:48:09,868 [32mINFO[m [main][PostProcessorRegistrationDelegate.java:330] ‐ Bean 'org.springframework.cloud.client.discovery.simple.SimpleDiscoveryClientAutoConfiguration' of type [org.springframework.cloud.client.discovery.simple.SimpleDiscoveryClientAutoConfiguration$$EnhancerBySpringCGLIB$$3ad8391e] is not eligible for getting processed by all BeanPostProcessors (for example: not eligible for auto-proxying)
[${project.name}][${env:SERVER_PORT}] 2023‐03‐05
            18:48:09,883 [32mINFO[m [main][PostProcessorRegistrationDelegate.java:330] ‐ Bean 'simpleDiscoveryProperties' of type [org.springframework.cloud.client.discovery.simple.SimpleDiscoveryProperties] is not eligible for getting processed by all BeanPostProcessors (for example: not eligible for auto-proxying)
[${project.name}][${env:SERVER_PORT}] 2023‐03‐05
            18:48:09,890 [32mINFO[m [main][PostProcessorRegistrationDelegate.java:330] ‐ Bean 'simpleDiscoveryClient' of type [org.springframework.cloud.client.discovery.simple.SimpleDiscoveryClient] is not eligible for getting processed by all BeanPostProcessors (for example: not eligible for auto-proxying)
[${project.name}][${env:SERVER_PORT}] 2023‐03‐05
            18:48:09,897 [32mINFO[m [main][PostProcessorRegistrationDelegate.java:330] ‐ Bean 'compositeDiscoveryClient' of type [org.springframework.cloud.client.discovery.composite.CompositeDiscoveryClient] is not eligible for getting processed by all BeanPostProcessors (for example: not eligible for auto-proxying)
[${project.name}][${env:SERVER_PORT}] 2023‐03‐05
            18:48:09,902 [32mINFO[m [main][PostProcessorRegistrationDelegate.java:330] ‐ Bean 'com.alibaba.cloud.dubbo.util.JSONUtils' of type [com.alibaba.cloud.dubbo.util.JSONUtils] is not eligible for getting processed by all BeanPostProcessors (for example: not eligible for auto-proxying)
[${project.name}][${env:SERVER_PORT}] 2023‐03‐05
            18:48:10,017 [33mWARN[m [main][DubboServiceMetadataRepository.java:216] ‐ Current application will subscribe all services(size:1) in registry, a lot of memory and CPU cycles may be used, thus it's strongly recommend you using the externalized property 'dubbo.cloud.subscribed-services' to specify the services
[${project.name}][${env:SERVER_PORT}] 2023‐03‐05
            18:48:10,021 [32mINFO[m [main][PostProcessorRegistrationDelegate.java:330] ‐ Bean 'com.alibaba.cloud.dubbo.metadata.repository.DubboServiceMetadataRepository' of type [com.alibaba.cloud.dubbo.metadata.repository.DubboServiceMetadataRepository] is not eligible for getting processed by all BeanPostProcessors (for example: not eligible for auto-proxying)
[${project.name}][${env:SERVER_PORT}] 2023‐03‐05
            18:48:10,094 [32mINFO[m [main][PostProcessorRegistrationDelegate.java:330] ‐ Bean 'com.alibaba.cloud.dubbo.service.parameter.RequestParamServiceParameterResolver' of type [com.alibaba.cloud.dubbo.service.parameter.RequestParamServiceParameterResolver] is not eligible for getting processed by all BeanPostProcessors (for example: not eligible for auto-proxying)
[${project.name}][${env:SERVER_PORT}] 2023‐03‐05
            18:48:10,122 [32mINFO[m [main][PostProcessorRegistrationDelegate.java:330] ‐ Bean 'spring.http-org.springframework.boot.autoconfigure.http.HttpProperties' of type [org.springframework.boot.autoconfigure.http.HttpProperties] is not eligible for getting processed by all BeanPostProcessors (for example: not eligible for auto-proxying)
[${project.name}][${env:SERVER_PORT}] 2023‐03‐05
            18:48:10,128 [32mINFO[m [main][PostProcessorRegistrationDelegate.java:330] ‐ Bean 'org.springframework.boot.autoconfigure.http.HttpMessageConvertersAutoConfiguration$StringHttpMessageConverterConfiguration' of type [org.springframework.boot.autoconfigure.http.HttpMessageConvertersAutoConfiguration$StringHttpMessageConverterConfiguration$$EnhancerBySpringCGLIB$$72fb04f4] is not eligible for getting processed by all BeanPostProcessors (for example: not eligible for auto-proxying)
[${project.name}][${env:SERVER_PORT}] 2023‐03‐05
            18:48:10,144 [32mINFO[m [main][PostProcessorRegistrationDelegate.java:330] ‐ Bean 'stringHttpMessageConverter' of type [org.springframework.http.converter.StringHttpMessageConverter] is not eligible for getting processed by all BeanPostProcessors (for example: not eligible for auto-proxying)
[${project.name}][${env:SERVER_PORT}] 2023‐03‐05
            18:48:10,149 [32mINFO[m [main][PostProcessorRegistrationDelegate.java:330] ‐ Bean 'org.springframework.boot.autoconfigure.http.JacksonHttpMessageConvertersConfiguration$MappingJackson2HttpMessageConverterConfiguration' of type [org.springframework.boot.autoconfigure.http.JacksonHttpMessageConvertersConfiguration$MappingJackson2HttpMessageConverterConfiguration$$EnhancerBySpringCGLIB$$acd100f4] is not eligible for getting processed by all BeanPostProcessors (for example: not eligible for auto-proxying)
[${project.name}][${env:SERVER_PORT}] 2023‐03‐05
            18:48:10,155 [32mINFO[m [main][PostProcessorRegistrationDelegate.java:330] ‐ Bean 'org.springframework.boot.autoconfigure.jackson.JacksonAutoConfiguration$JacksonObjectMapperConfiguration' of type [org.springframework.boot.autoconfigure.jackson.JacksonAutoConfiguration$JacksonObjectMapperConfiguration$$EnhancerBySpringCGLIB$$814cf251] is not eligible for getting processed by all BeanPostProcessors (for example: not eligible for auto-proxying)
[${project.name}][${env:SERVER_PORT}] 2023‐03‐05
            18:48:10,161 [32mINFO[m [main][PostProcessorRegistrationDelegate.java:330] ‐ Bean 'org.springframework.boot.autoconfigure.jackson.JacksonAutoConfiguration$JacksonObjectMapperBuilderConfiguration' of type [org.springframework.boot.autoconfigure.jackson.JacksonAutoConfiguration$JacksonObjectMapperBuilderConfiguration$$EnhancerBySpringCGLIB$$3399b46a] is not eligible for getting processed by all BeanPostProcessors (for example: not eligible for auto-proxying)
[${project.name}][${env:SERVER_PORT}] 2023‐03‐05
            18:48:10,168 [32mINFO[m [main][PostProcessorRegistrationDelegate.java:330] ‐ Bean 'org.springframework.boot.autoconfigure.jackson.JacksonAutoConfiguration$Jackson2ObjectMapperBuilderCustomizerConfiguration' of type [org.springframework.boot.autoconfigure.jackson.JacksonAutoConfiguration$Jackson2ObjectMapperBuilderCustomizerConfiguration$$EnhancerBySpringCGLIB$$eeb09a59] is not eligible for getting processed by all BeanPostProcessors (for example: not eligible for auto-proxying)
[${project.name}][${env:SERVER_PORT}] 2023‐03‐05
            18:48:10,176 [32mINFO[m [main][PostProcessorRegistrationDelegate.java:330] ‐ Bean 'spring.jackson-org.springframework.boot.autoconfigure.jackson.JacksonProperties' of type [org.springframework.boot.autoconfigure.jackson.JacksonProperties] is not eligible for getting processed by all BeanPostProcessors (for example: not eligible for auto-proxying)
[${project.name}][${env:SERVER_PORT}] 2023‐03‐05
            18:48:10,181 [32mINFO[m [main][PostProcessorRegistrationDelegate.java:330] ‐ Bean 'standardJacksonObjectMapperBuilderCustomizer' of type [org.springframework.boot.autoconfigure.jackson.JacksonAutoConfiguration$Jackson2ObjectMapperBuilderCustomizerConfiguration$StandardJackson2ObjectMapperBuilderCustomizer] is not eligible for getting processed by all BeanPostProcessors (for example: not eligible for auto-proxying)
[${project.name}][${env:SERVER_PORT}] 2023‐03‐05
            18:48:10,194 [32mINFO[m [main][PostProcessorRegistrationDelegate.java:330] ‐ Bean 'org.springframework.boot.autoconfigure.jackson.JacksonAutoConfiguration$ParameterNamesModuleConfiguration' of type [org.springframework.boot.autoconfigure.jackson.JacksonAutoConfiguration$ParameterNamesModuleConfiguration$$EnhancerBySpringCGLIB$$157c1187] is not eligible for getting processed by all BeanPostProcessors (for example: not eligible for auto-proxying)
[${project.name}][${env:SERVER_PORT}] 2023‐03‐05
            18:48:10,217 [32mINFO[m [main][PostProcessorRegistrationDelegate.java:330] ‐ Bean 'parameterNamesModule' of type [com.fasterxml.jackson.module.paramnames.ParameterNamesModule] is not eligible for getting processed by all BeanPostProcessors (for example: not eligible for auto-proxying)
[${project.name}][${env:SERVER_PORT}] 2023‐03‐05
            18:48:10,228 [32mINFO[m [main][PostProcessorRegistrationDelegate.java:330] ‐ Bean 'org.springframework.boot.autoconfigure.jackson.JacksonAutoConfiguration' of type [org.springframework.boot.autoconfigure.jackson.JacksonAutoConfiguration$$EnhancerBySpringCGLIB$$63588fe0] is not eligible for getting processed by all BeanPostProcessors (for example: not eligible for auto-proxying)
[${project.name}][${env:SERVER_PORT}] 2023‐03‐05
            18:48:10,252 [32mINFO[m [main][PostProcessorRegistrationDelegate.java:330] ‐ Bean 'jsonComponentModule' of type [org.springframework.boot.jackson.JsonComponentModule] is not eligible for getting processed by all BeanPostProcessors (for example: not eligible for auto-proxying)
[${project.name}][${env:SERVER_PORT}] 2023‐03‐05
            18:48:10,267 [32mINFO[m [main][PostProcessorRegistrationDelegate.java:330] ‐ Bean 'jacksonObjectMapperBuilder' of type [org.springframework.http.converter.json.Jackson2ObjectMapperBuilder] is not eligible for getting processed by all BeanPostProcessors (for example: not eligible for auto-proxying)
[${project.name}][${env:SERVER_PORT}] 2023‐03‐05
            18:48:10,303 [32mINFO[m [main][PostProcessorRegistrationDelegate.java:330] ‐ Bean 'jacksonObjectMapper' of type [com.fasterxml.jackson.databind.ObjectMapper] is not eligible for getting processed by all BeanPostProcessors (for example: not eligible for auto-proxying)
[${project.name}][${env:SERVER_PORT}] 2023‐03‐05
            18:48:10,334 [32mINFO[m [main][PostProcessorRegistrationDelegate.java:330] ‐ Bean 'mappingJackson2HttpMessageConverter' of type [org.springframework.http.converter.json.MappingJackson2HttpMessageConverter] is not eligible for getting processed by all BeanPostProcessors (for example: not eligible for auto-proxying)
[${project.name}][${env:SERVER_PORT}] 2023‐03‐05
            18:48:10,347 [32mINFO[m [main][PostProcessorRegistrationDelegate.java:330] ‐ Bean 'org.springframework.boot.autoconfigure.http.HttpMessageConvertersAutoConfiguration' of type [org.springframework.boot.autoconfigure.http.HttpMessageConvertersAutoConfiguration$$EnhancerBySpringCGLIB$$3fed3e54] is not eligible for getting processed by all BeanPostProcessors (for example: not eligible for auto-proxying)
[${project.name}][${env:SERVER_PORT}] 2023‐03‐05
            18:48:10,358 [32mINFO[m [main][PostProcessorRegistrationDelegate.java:330] ‐ Bean 'messageConverters' of type [org.springframework.boot.autoconfigure.http.HttpMessageConverters] is not eligible for getting processed by all BeanPostProcessors (for example: not eligible for auto-proxying)
[${project.name}][${env:SERVER_PORT}] 2023‐03‐05
            18:48:10,363 [32mINFO[m [main][PostProcessorRegistrationDelegate.java:330] ‐ Bean 'com.alibaba.cloud.dubbo.service.parameter.RequestBodyServiceParameterResolver' of type [com.alibaba.cloud.dubbo.service.parameter.RequestBodyServiceParameterResolver] is not eligible for getting processed by all BeanPostProcessors (for example: not eligible for auto-proxying)
[${project.name}][${env:SERVER_PORT}] 2023‐03‐05
            18:48:10,373 [32mINFO[m [main][PostProcessorRegistrationDelegate.java:330] ‐ Bean 'com.alibaba.cloud.dubbo.service.parameter.RequestHeaderServiceParameterResolver' of type [com.alibaba.cloud.dubbo.service.parameter.RequestHeaderServiceParameterResolver] is not eligible for getting processed by all BeanPostProcessors (for example: not eligible for auto-proxying)
[${project.name}][${env:SERVER_PORT}] 2023‐03‐05
            18:48:10,380 [32mINFO[m [main][PostProcessorRegistrationDelegate.java:330] ‐ Bean 'com.alibaba.cloud.dubbo.service.parameter.PathVariableServiceParameterResolver' of type [com.alibaba.cloud.dubbo.service.parameter.PathVariableServiceParameterResolver] is not eligible for getting processed by all BeanPostProcessors (for example: not eligible for auto-proxying)
[${project.name}][${env:SERVER_PORT}] 2023‐03‐05
            18:48:10,382 [32mINFO[m [main][PostProcessorRegistrationDelegate.java:330] ‐ Bean 'com.alibaba.cloud.dubbo.service.DubboGenericServiceExecutionContextFactory' of type [com.alibaba.cloud.dubbo.service.DubboGenericServiceExecutionContextFactory] is not eligible for getting processed by all BeanPostProcessors (for example: not eligible for auto-proxying)
[${project.name}][${env:SERVER_PORT}] 2023‐03‐05
            18:48:10,406 [32mINFO[m [main][PostProcessorRegistrationDelegate.java:330] ‐ Bean 'relaxedDubboConfigBinder' of type [org.apache.dubbo.spring.boot.autoconfigure.BinderDubboConfigBinder] is not eligible for getting processed by all BeanPostProcessors (for example: not eligible for auto-proxying)
[${project.name}][${env:SERVER_PORT}] 2023‐03‐05
            18:48:10,417 [32mINFO[m [main][PostProcessorRegistrationDelegate.java:330] ‐ Bean 'relaxedDubboConfigBinder' of type [org.apache.dubbo.spring.boot.autoconfigure.BinderDubboConfigBinder] is not eligible for getting processed by all BeanPostProcessors (for example: not eligible for auto-proxying)
[${project.name}][${env:SERVER_PORT}] 2023‐03‐05
            18:48:10,420 [32mINFO[m [main][PostProcessorRegistrationDelegate.java:330] ‐ Bean 'relaxedDubboConfigBinder' of type [org.apache.dubbo.spring.boot.autoconfigure.BinderDubboConfigBinder] is not eligible for getting processed by all BeanPostProcessors (for example: not eligible for auto-proxying)
[${project.name}][${env:SERVER_PORT}] 2023‐03‐05
            18:48:10,422 [32mINFO[m [main][PostProcessorRegistrationDelegate.java:330] ‐ Bean 'relaxedDubboConfigBinder' of type [org.apache.dubbo.spring.boot.autoconfigure.BinderDubboConfigBinder] is not eligible for getting processed by all BeanPostProcessors (for example: not eligible for auto-proxying)
[${project.name}][${env:SERVER_PORT}] 2023‐03‐05
            18:48:10,434 [32mINFO[m [main][PostProcessorRegistrationDelegate.java:330] ‐ Bean 'org.springframework.cloud.autoconfigure.ConfigurationPropertiesRebinderAutoConfiguration' of type [org.springframework.cloud.autoconfigure.ConfigurationPropertiesRebinderAutoConfiguration$$EnhancerBySpringCGLIB$$41d375bd] is not eligible for getting processed by all BeanPostProcessors (for example: not eligible for auto-proxying)
[${project.name}][${env:SERVER_PORT}] 2023‐03‐05
            18:48:10,754 [32mINFO[m [main][TomcatWebServer.java:90] ‐ Tomcat initialized with port(s): 56040 (http)
[${project.name}][${env:SERVER_PORT}] 2023‐03‐05
            18:48:10,770 [32mINFO[m [main][DirectJDKLog.java:173] ‐ Initializing ProtocolHandler ["http-nio-56040"]
[${project.name}][${env:SERVER_PORT}] 2023‐03‐05
            18:48:10,778 [32mINFO[m [main][DirectJDKLog.java:173] ‐ Starting service [Tomcat]
[${project.name}][${env:SERVER_PORT}] 2023‐03‐05
            18:48:10,779 [32mINFO[m [main][DirectJDKLog.java:173] ‐ Starting Servlet engine: [Apache Tomcat/9.0.16]
[${project.name}][${env:SERVER_PORT}] 2023‐03‐05
            18:48:10,788 [32mINFO[m [main][DirectJDKLog.java:173] ‐ The APR based Apache Tomcat Native library which allows optimal performance in production environments was not found on the java.library.path: [/Users/hsk/Library/Java/Extensions:/Library/Java/Extensions:/Network/Library/Java/Extensions:/System/Library/Java/Extensions:/usr/lib/java:.]
[${project.name}][${env:SERVER_PORT}] 2023‐03‐05
            18:48:10,903 [32mINFO[m [main][DirectJDKLog.java:173] ‐ Initializing Spring embedded WebApplicationContext
[${project.name}][${env:SERVER_PORT}] 2023‐03‐05
            18:48:10,903 [32mINFO[m [main][ServletWebServerApplicationContext.java:296] ‐ Root WebApplicationContext: initialization completed in 2864 ms
[${project.name}][${env:SERVER_PORT}] 2023‐03‐05
            18:48:10,954 [33mWARN[m [ThreadPoolTaskScheduler-1][DubboServiceMetadataRepository.java:216] ‐ Current application will subscribe all services(size:1) in registry, a lot of memory and CPU cycles may be used, thus it's strongly recommend you using the externalized property 'dubbo.cloud.subscribed-services' to specify the services
[${project.name}][${env:SERVER_PORT}] 2023‐03‐05
            18:48:11,254 [32mINFO[m [main][DruidDataSourceAutoConfigure.java:56] ‐ Init DruidDataSource
[${project.name}][${env:SERVER_PORT}] 2023‐03‐05
            18:48:11,323 [1;31mERROR[m [main][TomcatStarter.java:62] ‐ Error starting Tomcat context. Exception: org.springframework.beans.factory.BeanCreationException. Message: Error creating bean with name 'servletEndpointRegistrar' defined in class path resource [org/springframework/boot/actuate/autoconfigure/endpoint/web/ServletEndpointManagementContextConfiguration$WebMvcServletEndpointManagementContextConfiguration.class]: Bean instantiation via factory method failed; nested exception is org.springframework.beans.BeanInstantiationException: Failed to instantiate [org.springframework.boot.actuate.endpoint.web.ServletEndpointRegistrar]: Factory method 'servletEndpointRegistrar' threw exception; nested exception is org.springframework.beans.factory.UnsatisfiedDependencyException: Error creating bean with name 'healthEndpoint' defined in class path resource [org/springframework/boot/actuate/autoconfigure/health/HealthEndpointConfiguration.class]: Unsatisfied dependency expressed through method 'healthEndpoint' parameter 1; nested exception is org.springframework.beans.factory.BeanCreationException: Error creating bean with name 'healthIndicatorRegistry' defined in class path resource [org/springframework/boot/actuate/autoconfigure/health/HealthIndicatorAutoConfiguration.class]: Bean instantiation via factory method failed; nested exception is org.springframework.beans.BeanInstantiationException: Failed to instantiate [org.springframework.boot.actuate.health.HealthIndicatorRegistry]: Factory method 'healthIndicatorRegistry' threw exception; nested exception is org.springframework.beans.factory.UnsatisfiedDependencyException: Error creating bean with name 'org.springframework.boot.actuate.autoconfigure.jdbc.DataSourceHealthIndicatorAutoConfiguration': Unsatisfied dependency expressed through constructor parameter 0; nested exception is org.springframework.beans.factory.BeanCreationException: Error creating bean with name 'dataSource' defined in class path resource [com/alibaba/druid/spring/boot/autoconfigure/DruidDataSourceAutoConfigure.class]: Invocation of init method failed; nested exception is org.springframework.boot.autoconfigure.jdbc.DataSourceProperties$DataSourceBeanCreationException: Failed to determine a suitable driver class
[${project.name}][${env:SERVER_PORT}] 2023‐03‐05
            18:48:11,346 [32mINFO[m [main][DirectJDKLog.java:173] ‐ Stopping service [Tomcat]
[${project.name}][${env:SERVER_PORT}] 2023‐03‐05
            18:48:11,358 [33mWARN[m [main][AbstractApplicationContext.java:557] ‐ Exception encountered during context initialization - cancelling refresh attempt: org.springframework.context.ApplicationContextException: Unable to start web server; nested exception is org.springframework.boot.web.server.WebServerException: Unable to start embedded Tomcat
[${project.name}][${env:SERVER_PORT}] 2023‐03‐05
            18:48:11,360 [32mINFO[m [main][DubboGenericServiceFactory.java:159] ‐ The Dubbo GenericService ReferenceBeans are destroying...
[${project.name}][${env:SERVER_PORT}] 2023‐03‐05
            18:48:11,360 [32mINFO[m [main][AnnotationInjectedBeanPostProcessor.java:305] ‐ class org.apache.dubbo.config.spring.beans.factory.annotation.ReferenceAnnotationBeanPostProcessor was destroying!
[${project.name}][${env:SERVER_PORT}] 2023‐03‐05
            18:48:11,378 [32mINFO[m [main][ConditionEvaluationReportLoggingListener.java:142] ‐ 

Error starting ApplicationContext. To display the conditions report re-run your application with 'debug' enabled.
[${project.name}][${env:SERVER_PORT}] 2023‐03‐05
            18:48:11,379 [32mINFO[m [main][AwaitingNonWebApplicationListener.java:155] ‐  [Dubbo] Current Spring Boot Application is about to shutdown...
[${project.name}][${env:SERVER_PORT}] 2023‐03‐05
            18:48:11,384 [1;31mERROR[m [main][LoggingFailureAnalysisReporter.java:42] ‐ 

***************************
APPLICATION FAILED TO START
***************************

Description:

Failed to configure a DataSource: 'url' attribute is not specified and no embedded datasource could be configured.

Reason: Failed to determine a suitable driver class


Action:

Consider the following:
	If you want an embedded database (H2, HSQL or Derby), please put it on the classpath.
	If you have database settings to be loaded from a particular profile you may need to activate it (no profiles are currently active).

[${project.name}][${env:SERVER_PORT}] 2023‐03‐05
            18:48:40,986 [33mWARN[m [ThreadPoolTaskScheduler-1][DubboServiceMetadataRepository.java:216] ‐ Current application will subscribe all services(size:1) in registry, a lot of memory and CPU cycles may be used, thus it's strongly recommend you using the externalized property 'dubbo.cloud.subscribed-services' to specify the services
[${project.name}][${env:SERVER_PORT}] 2023‐03‐05
            18:49:11,018 [33mWARN[m [ThreadPoolTaskScheduler-1][DubboServiceMetadataRepository.java:216] ‐ Current application will subscribe all services(size:1) in registry, a lot of memory and CPU cycles may be used, thus it's strongly recommend you using the externalized property 'dubbo.cloud.subscribed-services' to specify the services
[${project.name}][${env:SERVER_PORT}] 2023‐03‐05
            18:49:41,070 [33mWARN[m [ThreadPoolTaskScheduler-1][DubboServiceMetadataRepository.java:216] ‐ Current application will subscribe all services(size:1) in registry, a lot of memory and CPU cycles may be used, thus it's strongly recommend you using the externalized property 'dubbo.cloud.subscribed-services' to specify the services
[${project.name}][${env:SERVER_PORT}] 2023‐03‐05
            18:50:11,129 [33mWARN[m [ThreadPoolTaskScheduler-1][DubboServiceMetadataRepository.java:216] ‐ Current application will subscribe all services(size:1) in registry, a lot of memory and CPU cycles may be used, thus it's strongly recommend you using the externalized property 'dubbo.cloud.subscribed-services' to specify the services
[${project.name}][${env:SERVER_PORT}] 2023‐03‐05
            18:50:41,180 [33mWARN[m [ThreadPoolTaskScheduler-1][DubboServiceMetadataRepository.java:216] ‐ Current application will subscribe all services(size:1) in registry, a lot of memory and CPU cycles may be used, thus it's strongly recommend you using the externalized property 'dubbo.cloud.subscribed-services' to specify the services
[${project.name}][${env:SERVER_PORT}] 2023‐03‐05
            18:51:11,223 [33mWARN[m [ThreadPoolTaskScheduler-1][DubboServiceMetadataRepository.java:216] ‐ Current application will subscribe all services(size:1) in registry, a lot of memory and CPU cycles may be used, thus it's strongly recommend you using the externalized property 'dubbo.cloud.subscribed-services' to specify the services
[${project.name}][${env:SERVER_PORT}] 2023‐03‐05
            18:51:41,260 [33mWARN[m [ThreadPoolTaskScheduler-1][DubboServiceMetadataRepository.java:216] ‐ Current application will subscribe all services(size:1) in registry, a lot of memory and CPU cycles may be used, thus it's strongly recommend you using the externalized property 'dubbo.cloud.subscribed-services' to specify the services
[${project.name}][${env:SERVER_PORT}] 2023‐03‐05
            18:52:11,307 [33mWARN[m [ThreadPoolTaskScheduler-1][DubboServiceMetadataRepository.java:216] ‐ Current application will subscribe all services(size:1) in registry, a lot of memory and CPU cycles may be used, thus it's strongly recommend you using the externalized property 'dubbo.cloud.subscribed-services' to specify the services
[${project.name}][${env:SERVER_PORT}] 2023‐03‐05
            18:52:41,358 [33mWARN[m [ThreadPoolTaskScheduler-1][DubboServiceMetadataRepository.java:216] ‐ Current application will subscribe all services(size:1) in registry, a lot of memory and CPU cycles may be used, thus it's strongly recommend you using the externalized property 'dubbo.cloud.subscribed-services' to specify the services
[${project.name}][${env:SERVER_PORT}] 2023‐03‐05
            18:53:11,393 [33mWARN[m [ThreadPoolTaskScheduler-1][DubboServiceMetadataRepository.java:216] ‐ Current application will subscribe all services(size:1) in registry, a lot of memory and CPU cycles may be used, thus it's strongly recommend you using the externalized property 'dubbo.cloud.subscribed-services' to specify the services
[${project.name}][${env:SERVER_PORT}] 2023‐03‐05
            18:53:41,417 [33mWARN[m [ThreadPoolTaskScheduler-1][DubboServiceMetadataRepository.java:216] ‐ Current application will subscribe all services(size:1) in registry, a lot of memory and CPU cycles may be used, thus it's strongly recommend you using the externalized property 'dubbo.cloud.subscribed-services' to specify the services
[${project.name}][${env:SERVER_PORT}] 2023‐03‐05
            18:54:11,441 [33mWARN[m [ThreadPoolTaskScheduler-1][DubboServiceMetadataRepository.java:216] ‐ Current application will subscribe all services(size:1) in registry, a lot of memory and CPU cycles may be used, thus it's strongly recommend you using the externalized property 'dubbo.cloud.subscribed-services' to specify the services
[${project.name}][${env:SERVER_PORT}] 2023‐03‐05
            18:54:41,481 [33mWARN[m [ThreadPoolTaskScheduler-1][DubboServiceMetadataRepository.java:216] ‐ Current application will subscribe all services(size:1) in registry, a lot of memory and CPU cycles may be used, thus it's strongly recommend you using the externalized property 'dubbo.cloud.subscribed-services' to specify the services
[${project.name}][${env:SERVER_PORT}] 2023‐03‐05
            18:55:11,518 [33mWARN[m [ThreadPoolTaskScheduler-1][DubboServiceMetadataRepository.java:216] ‐ Current application will subscribe all services(size:1) in registry, a lot of memory and CPU cycles may be used, thus it's strongly recommend you using the externalized property 'dubbo.cloud.subscribed-services' to specify the services
[${project.name}][${env:SERVER_PORT}] 2023‐03‐05
            18:55:41,534 [33mWARN[m [ThreadPoolTaskScheduler-1][DubboServiceMetadataRepository.java:216] ‐ Current application will subscribe all services(size:1) in registry, a lot of memory and CPU cycles may be used, thus it's strongly recommend you using the externalized property 'dubbo.cloud.subscribed-services' to specify the services
[${project.name}][${env:SERVER_PORT}] 2023‐03‐05
            18:56:11,571 [33mWARN[m [ThreadPoolTaskScheduler-1][DubboServiceMetadataRepository.java:216] ‐ Current application will subscribe all services(size:1) in registry, a lot of memory and CPU cycles may be used, thus it's strongly recommend you using the externalized property 'dubbo.cloud.subscribed-services' to specify the services
[${project.name}][${env:SERVER_PORT}] 2023‐03‐05
            18:56:41,629 [33mWARN[m [ThreadPoolTaskScheduler-1][DubboServiceMetadataRepository.java:216] ‐ Current application will subscribe all services(size:1) in registry, a lot of memory and CPU cycles may be used, thus it's strongly recommend you using the externalized property 'dubbo.cloud.subscribed-services' to specify the services
[${project.name}][${env:SERVER_PORT}] 2023‐03‐05
            18:57:11,681 [33mWARN[m [ThreadPoolTaskScheduler-1][DubboServiceMetadataRepository.java:216] ‐ Current application will subscribe all services(size:1) in registry, a lot of memory and CPU cycles may be used, thus it's strongly recommend you using the externalized property 'dubbo.cloud.subscribed-services' to specify the services
[${project.name}][${env:SERVER_PORT}] 2023‐03‐05
            18:57:41,732 [33mWARN[m [ThreadPoolTaskScheduler-1][DubboServiceMetadataRepository.java:216] ‐ Current application will subscribe all services(size:1) in registry, a lot of memory and CPU cycles may be used, thus it's strongly recommend you using the externalized property 'dubbo.cloud.subscribed-services' to specify the services
[${project.name}][${env:SERVER_PORT}] 2023‐03‐05
            18:58:11,797 [33mWARN[m [ThreadPoolTaskScheduler-1][DubboServiceMetadataRepository.java:216] ‐ Current application will subscribe all services(size:1) in registry, a lot of memory and CPU cycles may be used, thus it's strongly recommend you using the externalized property 'dubbo.cloud.subscribed-services' to specify the services
[${project.name}][${env:SERVER_PORT}] 2023‐03‐05
            18:58:41,831 [33mWARN[m [ThreadPoolTaskScheduler-1][DubboServiceMetadataRepository.java:216] ‐ Current application will subscribe all services(size:1) in registry, a lot of memory and CPU cycles may be used, thus it's strongly recommend you using the externalized property 'dubbo.cloud.subscribed-services' to specify the services
[${project.name}][${env:SERVER_PORT}] 2023‐03‐05
            18:59:11,939 [33mWARN[m [ThreadPoolTaskScheduler-1][DubboServiceMetadataRepository.java:216] ‐ Current application will subscribe all services(size:1) in registry, a lot of memory and CPU cycles may be used, thus it's strongly recommend you using the externalized property 'dubbo.cloud.subscribed-services' to specify the services
[${project.name}][${env:SERVER_PORT}] 2023‐03‐05
            18:59:41,975 [33mWARN[m [ThreadPoolTaskScheduler-1][DubboServiceMetadataRepository.java:216] ‐ Current application will subscribe all services(size:1) in registry, a lot of memory and CPU cycles may be used, thus it's strongly recommend you using the externalized property 'dubbo.cloud.subscribed-services' to specify the services
